#
# There is insufficient memory for the Java Runtime Environment to continue.
# Native memory allocation (mmap) failed to map 117440512 bytes for Failed to commit area from 0x0000000090c00000 to 0x0000000097c00000 of length 117440512.
# Possible reasons:
#   The system is out of physical RAM or swap space
#   The process is running with CompressedOops enabled, and the Java Heap may be blocking the growth of the native heap
# Possible solutions:
#   Reduce memory load on the system
#   Increase physical memory or swap space
#   Check if swap backing store is full
#   Decrease Java heap size (-Xmx/-Xms)
#   Decrease number of Java threads
#   Decrease Java thread stack sizes (-Xss)
#   Set larger code cache with -XX:ReservedCodeCacheSize=
#   JVM is running with Unscaled Compressed Oops mode in which the Java heap is
#     placed in the first 4GB address space. The Java Heap base address is the
#     maximum limit for the native heap growth. Please use -XX:HeapBaseMinAddress
#     to set the Java Heap base and to place the Java Heap above 4GB virtual address.
# This output file may be truncated or incomplete.
#
#  Out of Memory Error (./open/src/hotspot/os/windows/os_windows.cpp:3315), pid=16800, tid=892
#
# JRE version:  (14.0.2+12) (build )
# Java VM: OpenJDK 64-Bit Server VM (14.0.2+12-46, mixed mode, sharing, tiered, compressed oops, g1 gc, windows-amd64)
# No core dump will be written. Minidumps are not enabled by default on client versions of Windows
#

---------------  S U M M A R Y ------------

Command Line: -Dfile.encoding=Cp1250 -XX:+ShowCodeDetailsInExceptionMessages hr.fer.rassus.mikrousluge.aggregatormicroservice.AggregatorMicroserviceApplication

Host: AMD A12-9720P RADEON R7, 12 COMPUTE CORES 4C+8G, 4 cores, 6G,  Windows 10 , 64 bit Build 17763 (10.0.17763.475)
Time: Wed Jan  6 14:32:11 2021 Central European Standard Time elapsed time: 0 seconds (0d 0h 0m 0s)

---------------  T H R E A D  ---------------

Current thread (0x000001c9a2140000):  JavaThread "Unknown thread" [_thread_in_vm, id=892, stack(0x00000034ccd00000,0x00000034cce00000)]

Stack: [0x00000034ccd00000,0x00000034cce00000]
Native frames: (J=compiled Java code, j=interpreted, Vv=VM code, C=native code)
V  [jvm.dll+0x5f8a9a]
V  [jvm.dll+0x74247a]
V  [jvm.dll+0x743c2f]
V  [jvm.dll+0x744273]
V  [jvm.dll+0x20d288]
V  [jvm.dll+0x5f5dea]
V  [jvm.dll+0x5eac45]
V  [jvm.dll+0x2c7e9c]
V  [jvm.dll+0x2c7cd2]
V  [jvm.dll+0x2cdbbc]
V  [jvm.dll+0x313fe8]
V  [jvm.dll+0x313710]
V  [jvm.dll+0x2a092a]
V  [jvm.dll+0x2a1a79]
V  [jvm.dll+0x71fd48]
V  [jvm.dll+0x321c14]
V  [jvm.dll+0x70112c]
V  [jvm.dll+0x392def]
V  [jvm.dll+0x394e61]
C  [jli.dll+0x524b]
C  [ucrtbase.dll+0x2268a]
C  [KERNEL32.DLL+0x17974]
C  [ntdll.dll+0x5a0b1]


---------------  P R O C E S S  ---------------

Threads class SMR info:
_java_thread_list=0x00007ff9d3d03038, length=0, elements={
}

Java Threads: ( => current thread )

Other Threads:
  0x000001c9a217d000 GCTaskThread "GC Thread#0" [stack: 0x00000034cce00000,0x00000034ccf00000] [id=7032]
  0x000001c9a218c800 ConcurrentGCThread "G1 Main Marker" [stack: 0x00000034ccf00000,0x00000034cd000000] [id=7312]
  0x000001c9a218e000 ConcurrentGCThread "G1 Conc#0" [stack: 0x00000034cd000000,0x00000034cd100000] [id=5400]

[error occurred during error reporting (printing all threads), id 0xc0000005, EXCEPTION_ACCESS_VIOLATION (0xc0000005) at pc=0x00007ff9d3531257]

VM state:not at safepoint (not fully initialized)

VM Mutex/Monitor currently owned by a thread:  ([mutex/lock_event])
[0x000001c9a213cfc0] Heap_lock - owner thread: 0x000001c9a2140000

Heap address: 0x0000000090c00000, size: 1780 MB, Compressed Oops mode: 32-bit
Narrow klass base: 0x0000000000000000, Narrow klass shift: 0

GC Heap History (0 events):
No events

Deoptimization events (0 events):
No events

Classes unloaded (0 events):
No events

Classes redefined (0 events):
No events

Internal exceptions (0 events):
No events

Events (2 events):
Event: 0.024 Loaded shared library C:\Users\Mario\.p2\pool\plugins\org.eclipse.justj.openjdk.hotspot.jre.full.win32.x86_64_14.0.2.v20200815-0932\jre\bin\java.dll
Event: 0.032 Loaded shared library C:\Users\Mario\.p2\pool\plugins\org.eclipse.justj.openjdk.hotspot.jre.full.win32.x86_64_14.0.2.v20200815-0932\jre\bin\zip.dll


Dynamic libraries:
0x00007ff6bf6b0000 - 0x00007ff6bf6bd000 	C:\Users\Mario\.p2\pool\plugins\org.eclipse.justj.openjdk.hotspot.jre.full.win32.x86_64_14.0.2.v20200815-0932\jre\bin\javaw.exe
0x00007ffa1daf0000 - 0x00007ffa1dcdd000 	C:\Windows\SYSTEM32\ntdll.dll
0x00007ffa1d7e0000 - 0x00007ffa1d893000 	C:\Windows\System32\KERNEL32.DLL
0x00007ffa19cf0000 - 0x00007ffa19f85000 	C:\Windows\System32\KERNELBASE.dll
0x00007ffa1ab90000 - 0x00007ffa1ac8a000 	C:\Windows\System32\ucrtbase.dll
0x00007ffa0f940000 - 0x00007ffa0f958000 	C:\Users\Mario\.p2\pool\plugins\org.eclipse.justj.openjdk.hotspot.jre.full.win32.x86_64_14.0.2.v20200815-0932\jre\bin\jli.dll
0x00007ffa1b0a0000 - 0x00007ffa1b237000 	C:\Windows\System32\USER32.dll
0x00007ffa19f90000 - 0x00007ffa19fb0000 	C:\Windows\System32\win32u.dll
0x00007ffa1d920000 - 0x00007ffa1d949000 	C:\Windows\System32\GDI32.dll
0x00007ffa1a060000 - 0x00007ffa1a1fc000 	C:\Windows\System32\gdi32full.dll
0x00007ffa19c20000 - 0x00007ffa19cc0000 	C:\Windows\System32\msvcp_win.dll
0x00007ffa08610000 - 0x00007ffa08889000 	C:\Windows\WinSxS\amd64_microsoft.windows.common-controls_6595b64144ccf1df_6.0.17763.1637_none_de704308534c3ec5\COMCTL32.dll
0x00007ffa1bad0000 - 0x00007ffa1bb6e000 	C:\Windows\System32\msvcrt.dll
0x00007ffa1b6e0000 - 0x00007ffa1ba0e000 	C:\Windows\System32\combase.dll
0x00007ffa1ae40000 - 0x00007ffa1af62000 	C:\Windows\System32\RPCRT4.dll
0x00007ffa1ac90000 - 0x00007ffa1ad0f000 	C:\Windows\System32\bcryptPrimitives.dll
0x00007ffa0f780000 - 0x00007ffa0f795000 	C:\Users\Mario\.p2\pool\plugins\org.eclipse.justj.openjdk.hotspot.jre.full.win32.x86_64_14.0.2.v20200815-0932\jre\bin\VCRUNTIME140.dll
0x00007ffa1b5f0000 - 0x00007ffa1b61e000 	C:\Windows\System32\IMM32.DLL
0x00007ff9f8a20000 - 0x00007ff9f8abb000 	C:\Users\Mario\.p2\pool\plugins\org.eclipse.justj.openjdk.hotspot.jre.full.win32.x86_64_14.0.2.v20200815-0932\jre\bin\msvcp140.dll
0x00007ff9d3280000 - 0x00007ff9d3d9e000 	C:\Users\Mario\.p2\pool\plugins\org.eclipse.justj.openjdk.hotspot.jre.full.win32.x86_64_14.0.2.v20200815-0932\jre\bin\server\jvm.dll
0x00007ffa1bb80000 - 0x00007ffa1bc23000 	C:\Windows\System32\ADVAPI32.dll
0x00007ffa1b550000 - 0x00007ffa1b5ef000 	C:\Windows\System32\sechost.dll
0x00007ffa1bb70000 - 0x00007ffa1bb78000 	C:\Windows\System32\PSAPI.DLL
0x00007ffa13f00000 - 0x00007ffa13f09000 	C:\Windows\SYSTEM32\WSOCK32.dll
0x00007ffa176b0000 - 0x00007ffa176d4000 	C:\Windows\SYSTEM32\WINMM.dll
0x00007ffa140e0000 - 0x00007ffa140ea000 	C:\Windows\SYSTEM32\VERSION.dll
0x00007ffa17680000 - 0x00007ffa176ad000 	C:\Windows\SYSTEM32\WINMMBASE.dll
0x00007ffa1a960000 - 0x00007ffa1a9aa000 	C:\Windows\System32\cfgmgr32.dll
0x00007ffa1bc30000 - 0x00007ffa1bc9d000 	C:\Windows\System32\ws2_32.DLL
0x00007ffa19ad0000 - 0x00007ffa19ae1000 	C:\Windows\System32\kernel.appcore.dll
0x00007ffa13e60000 - 0x00007ffa13e6a000 	C:\Users\Mario\.p2\pool\plugins\org.eclipse.justj.openjdk.hotspot.jre.full.win32.x86_64_14.0.2.v20200815-0932\jre\bin\jimage.dll
0x00007ffa09670000 - 0x00007ffa0985d000 	C:\Windows\SYSTEM32\DBGHELP.DLL
0x00007ffa09620000 - 0x00007ffa0964a000 	C:\Windows\SYSTEM32\dbgcore.DLL
0x00007ffa0adb0000 - 0x00007ffa0add5000 	C:\Users\Mario\.p2\pool\plugins\org.eclipse.justj.openjdk.hotspot.jre.full.win32.x86_64_14.0.2.v20200815-0932\jre\bin\java.dll
0x00007ffa0ad90000 - 0x00007ffa0ada6000 	C:\Users\Mario\.p2\pool\plugins\org.eclipse.justj.openjdk.hotspot.jre.full.win32.x86_64_14.0.2.v20200815-0932\jre\bin\zip.dll

dbghelp: loaded successfully - version: 4.0.5 - missing functions: none
symbol engine: initialized successfully - sym options: 0x614 - pdb path: .;C:\Users\Mario\.p2\pool\plugins\org.eclipse.justj.openjdk.hotspot.jre.full.win32.x86_64_14.0.2.v20200815-0932\jre\bin;C:\Windows\SYSTEM32;C:\Windows\WinSxS\amd64_microsoft.windows.common-controls_6595b64144ccf1df_6.0.17763.1637_none_de704308534c3ec5;C:\Users\Mario\.p2\pool\plugins\org.eclipse.justj.openjdk.hotspot.jre.full.win32.x86_64_14.0.2.v20200815-0932\jre\bin\server

VM Arguments:
jvm_args: -Dfile.encoding=Cp1250 -XX:+ShowCodeDetailsInExceptionMessages 
java_command: hr.fer.rassus.mikrousluge.aggregatormicroservice.AggregatorMicroserviceApplication
java_class_path (initial): C:\Users\Mario\Desktop\Rassus_seminar_grupa_16\microservices\aggregator-microservice\bin\main;C:\Users\Mario\.gradle\caches\modules-2\files-2.1\org.springframework.boot\spring-boot-starter-data-jpa\2.4.1\7801874040c4c3050ebd4b5fee572f72e26219b0\spring-boot-starter-data-jpa-2.4.1.jar;C:\Users\Mario\.gradle\caches\modules-2\files-2.1\org.springframework.boot\spring-boot-starter-web\2.4.1\fb70dcc55475177dd404c5577c6d64b6c591c9cd\spring-boot-starter-web-2.4.1.jar;C:\Users\Mario\.gradle\caches\modules-2\files-2.1\com.squareup.retrofit2\converter-jackson\2.9.0\19b4010914e747601e26f46c6a403044bbe0b2bf\converter-jackson-2.9.0.jar;C:\Users\Mario\.gradle\caches\modules-2\files-2.1\com.squareup.retrofit2\retrofit\2.9.0\d8fdfbd5da952141a665a403348b74538efc05ff\retrofit-2.9.0.jar;C:\Users\Mario\.gradle\caches\modules-2\files-2.1\org.springframework.boot\spring-boot-starter-aop\2.4.1\316d517012a03f9c039301f6013bbd952571e10f\spring-boot-starter-aop-2.4.1.jar;C:\Users\Mario\.gradle\caches\modules-2\files-2.1\org.springframework.boot\spring-boot-starter-jdbc\2.4.1\8bce44479b03c6418f91370063ca770ca3ec6184\spring-boot-starter-jdbc-2.4.1.jar;C:\Users\Mario\.gradle\caches\modules-2\files-2.1\jakarta.transaction\jakarta.transaction-api\1.3.3\c4179d48720a1e87202115fbed6089bdc4195405\jakarta.transaction-api-1.3.3.jar;C:\Users\Mario\.gradle\caches\modules-2\files-2.1\jakarta.persistence\jakarta.persistence-api\2.2.3\8f6ea5daedc614f07a3654a455660145286f024e\jakarta.persistence-api-2.2.3.jar;C:\Users\Mario\.gradle\caches\modules-2\files-2.1\org.hibernate\hibernate-core\5.4.25.Final\926c7e94ef1368a181bafa5b1de2fd30ae34c20d\hibernate-core-5.4.25.Final.jar;C:\Users\Mario\.gradle\caches\modules-2\files-2.1\org.springframework.data\spring-data-jpa\2.4.2\7fc429eb1890c6ba63b6ecb0533a99b6147004e1\spring-data-jpa-2.4.2.jar;C:\Users\Mario\.gradle\caches\modules-2\files-2.1\org.springframework\spring-aspects\5.3.2\a93e6d94a8492d128af2382fe8333188db70927\spring-aspects-5.3.2.
Launcher Type: SUN_STANDARD

[Global flags]
     intx CICompilerCount                          = 3                                         {product} {ergonomic}
     uint ConcGCThreads                            = 1                                         {product} {ergonomic}
     uint G1ConcRefinementThreads                  = 4                                         {product} {ergonomic}
   size_t G1HeapRegionSize                         = 1048576                                   {product} {ergonomic}
    uintx GCDrainStackTargetSize                   = 64                                        {product} {ergonomic}
   size_t InitialHeapSize                          = 117440512                                 {product} {ergonomic}
   size_t MarkStackSize                            = 4194304                                   {product} {ergonomic}
   size_t MaxHeapSize                              = 1866465280                                {product} {ergonomic}
   size_t MinHeapDeltaBytes                        = 1048576                                   {product} {ergonomic}
   size_t MinHeapSize                              = 8388608                                   {product} {ergonomic}
    uintx NonNMethodCodeHeapSize                   = 5832780                                {pd product} {ergonomic}
    uintx NonProfiledCodeHeapSize                  = 122912730                              {pd product} {ergonomic}
    uintx ProfiledCodeHeapSize                     = 122912730                              {pd product} {ergonomic}
    uintx ReservedCodeCacheSize                    = 251658240                              {pd product} {ergonomic}
     bool SegmentedCodeCache                       = true                                      {product} {ergonomic}
     bool ShowCodeDetailsInExceptionMessages       = true                                   {manageable} {command line}
   size_t SoftMaxHeapSize                          = 1866465280                             {manageable} {ergonomic}
     bool UseCompressedClassPointers               = true                                 {lp64_product} {ergonomic}
     bool UseCompressedOops                        = true                                 {lp64_product} {ergonomic}
     bool UseG1GC                                  = true                                      {product} {ergonomic}
     bool UseLargePagesIndividualAllocation        = false                                  {pd product} {ergonomic}

Logging:
Log output configuration:
 #0: stdout all=warning uptime,level,tags
 #1: stderr all=off uptime,level,tags

Environment Variables:
PATH=C:/Users/Mario/.p2/pool/plugins/org.eclipse.justj.openjdk.hotspot.jre.full.win32.x86_64_14.0.2.v20200815-0932/jre/bin/server;C:/Users/Mario/.p2/pool/plugins/org.eclipse.justj.openjdk.hotspot.jre.full.win32.x86_64_14.0.2.v20200815-0932/jre/bin;C:\Program Files\Microsoft MPI\Bin\;C:\Program Files (x86)\Common Files\Oracle\Java\javapath;C:\Windows\system32;C:\Windows;C:\Windows\System32\Wbem;C:\Windows\System32\WindowsPowerShell\v1.0\;C:\Windows\System32\OpenSSH\;C:\Program Files\dotnet\;C:\Program Files\Microsoft SQL Server\130\Tools\Binn\;D:\Programs\MATLAB\R2018a\runtime\win64;D:\Programs\MATLAB\R2018a\bin;C:\Program Files (x86)\Microsoft SQL Server\150\DTS\Binn\;C:\Program Files (x86)\dotnet\;C:\Program Files\Microsoft SQL Server\Client SDK\ODBC\170\Tools\Binn\;C:\Program Files\Git\cmd;C:\Users\Mario\AppData\Local\Programs\Python\Python38-32\Scripts\;C:\Users\Mario\AppData\Local\Programs\Python\Python38-32\;C:\Users\Mario\AppData\Local\Microsoft\WindowsApps;;C:\Users\Mario\AppData\Local\Programs\Microsoft VS Code\bin;C:\Users\Mario\.dotnet\tools;C:\Users\Mario\.dotnet\tools;C:\Users\Mario\Desktop;
USERNAME=Mario
OS=Windows_NT
PROCESSOR_IDENTIFIER=AMD64 Family 21 Model 101 Stepping 1, AuthenticAMD



---------------  S Y S T E M  ---------------

OS: Windows 10 , 64 bit Build 17763 (10.0.17763.475)
OS uptime: 20 days 2:55 hours

CPU:total 4 (initial active 4) (4 cores per cpu, 1 threads per core) family 21 model 101 stepping 1, cmov, cx8, fxsr, mmx, sse, sse2, sse3, ssse3, sse4.1, sse4.2, popcnt, avx, avx2, aes, clmul, mmxext, 3dnowpref, lzcnt, sse4a, tsc, tscinvbit, tscinv, bmi1, bmi2, fma

Memory: 4k page, system-wide physical 7117M (466M free)
TotalPageFile size 22303M (AvailPageFile size 22M)
current process WorkingSet (physical memory assigned to process): 10M, peak: 10M
current process commit charge ("private bytes"): 51M, peak: 163M

vm_info: OpenJDK 64-Bit Server VM (14.0.2+12-46) for windows-amd64 JRE (14.0.2+12-46), built on Jul  9 2020 00:31:16 by "mach5one" with MS VC++ 15.9 (VS2017)

END.
